# JRE version: OpenJDK Runtime Environment (17.0.11) (build 17.0.11+0--11852314)
# Java VM: OpenJDK 64-Bit Server VM (17.0.11+0--11852314, mixed mode, tiered, compressed oops, compressed class ptrs, g1 gc, windows-amd64)
GC Precious Log:
 CPUs: 12 total, 12 available
 Memory: 7863M
 Large Page Support: Disabled
 NUMA Support: Disabled
 Compressed Oops: Enabled (32-bit)
 Heap Region Size: 1M
 Heap Min Capacity: 8M
 Heap Initial Capacity: 124M
 Heap Max Capacity: 2G
 Pre-touch: Disabled
 Parallel Workers: 10
 Concurrent Workers: 3
 Concurrent Refinement Workers: 10
 Periodic GC: Disabled
Heap:
 garbage-first heap   total 223232K, used 146345K [0x0000000080000000, 0x0000000100000000)
  region size 1024K, 67 young (68608K), 13 survivors (13312K)
 Metaspace       used 104394K, committed 105216K, reserved 1179648K
  class space    used 14468K, committed 14912K, reserved 1048576K
GC Heap History (20 events):
Event: 10.555 GC heap before
{Heap before GC invocations=29 (full 0):
 garbage-first heap   total 92160K, used 75349K [0x0000000080000000, 0x0000000100000000)
  region size 1024K, 22 young (22528K), 3 survivors (3072K)
 Metaspace       used 71064K, committed 71616K, reserved 1114112K
  class space    used 9646K, committed 9920K, reserved 1048576K
}
Event: 10.559 GC heap after
{Heap after GC invocations=30 (full 0):
 garbage-first heap   total 92160K, used 60986K [0x0000000080000000, 0x0000000100000000)
  region size 1024K, 3 young (3072K), 3 survivors (3072K)
 Metaspace       used 71064K, committed 71616K, reserved 1114112K
  class space    used 9646K, committed 9920K, reserved 1048576K
}
Event: 10.567 GC heap before
{Heap before GC invocations=30 (full 0):
 garbage-first heap   total 92160K, used 60986K [0x0000000080000000, 0x0000000100000000)
  region size 1024K, 4 young (4096K), 3 survivors (3072K)
 Metaspace       used 71173K, committed 71680K, reserved 1114112K
  class space    used 9657K, committed 9920K, reserved 1048576K
}
Event: 10.569 GC heap after
{Heap after GC invocations=31 (full 0):
 garbage-first heap   total 92160K, used 60866K [0x0000000080000000, 0x0000000100000000)
  region size 1024K, 1 young (1024K), 1 survivors (1024K)
 Metaspace       used 71173K, committed 71680K, reserved 1114112K
  class space    used 9657K, committed 9920K, reserved 1048576K
}
Event: 10.613 GC heap before
{Heap before GC invocations=31 (full 0):
 garbage-first heap   total 92160K, used 64962K [0x0000000080000000, 0x0000000100000000)
  region size 1024K, 7 young (7168K), 1 survivors (1024K)
 Metaspace       used 71477K, committed 72064K, reserved 1114112K
  class space    used 9680K, committed 9984K, reserved 1048576K
}
Event: 10.615 GC heap after
{Heap after GC invocations=32 (full 0):
 garbage-first heap   total 92160K, used 61321K [0x0000000080000000, 0x0000000100000000)
  region size 1024K, 1 young (1024K), 1 survivors (1024K)
 Metaspace       used 71477K, committed 72064K, reserved 1114112K
  class space    used 9680K, committed 9984K, reserved 1048576K
}
Event: 10.789 GC heap before
{Heap before GC invocations=33 (full 0):
 garbage-first heap   total 111616K, used 75657K [0x0000000080000000, 0x0000000100000000)
  region size 1024K, 15 young (15360K), 1 survivors (1024K)
 Metaspace       used 72608K, committed 73216K, reserved 1114112K
  class space    used 9835K, committed 10112K, reserved 1048576K
}
Event: 10.791 GC heap after
{Heap after GC invocations=34 (full 0):
 garbage-first heap   total 111616K, used 62715K [0x0000000080000000, 0x0000000100000000)
  region size 1024K, 1 young (1024K), 1 survivors (1024K)
 Metaspace       used 72608K, committed 73216K, reserved 1114112K
  class space    used 9835K, committed 10112K, reserved 1048576K
}
Event: 10.837 GC heap before
{Heap before GC invocations=34 (full 0):
 garbage-first heap   total 111616K, used 65787K [0x0000000080000000, 0x0000000100000000)
  region size 1024K, 5 young (5120K), 1 survivors (1024K)
 Metaspace       used 72939K, committed 73600K, reserved 1114112K
  class space    used 9885K, committed 10176K, reserved 1048576K
}
Event: 10.840 GC heap after
{Heap after GC invocations=35 (full 0):
 garbage-first heap   total 223232K, used 62337K [0x0000000080000000, 0x0000000100000000)
  region size 1024K, 1 young (1024K), 1 survivors (1024K)
 Metaspace       used 72939K, committed 73600K, reserved 1114112K
  class space    used 9885K, committed 10176K, reserved 1048576K
}
Event: 11.940 GC heap before
{Heap before GC invocations=35 (full 0):
 garbage-first heap   total 223232K, used 155521K [0x0000000080000000, 0x0000000100000000)
  region size 1024K, 87 young (89088K), 1 survivors (1024K)
 Metaspace       used 80040K, committed 80704K, reserved 1179648K
  class space    used 10820K, committed 11136K, reserved 1048576K
}
Event: 11.945 GC heap after
{Heap after GC invocations=36 (full 0):
 garbage-first heap   total 223232K, used 68782K [0x0000000080000000, 0x0000000100000000)
  region size 1024K, 6 young (6144K), 6 survivors (6144K)
 Metaspace       used 80040K, committed 80704K, reserved 1179648K
  class space    used 10820K, committed 11136K, reserved 1048576K
}
Event: 13.566 GC heap before
{Heap before GC invocations=36 (full 0):
 garbage-first heap   total 223232K, used 172206K [0x0000000080000000, 0x0000000100000000)
  region size 1024K, 108 young (110592K), 6 survivors (6144K)
 Metaspace       used 87556K, committed 88256K, reserved 1179648K
  class space    used 11820K, committed 12160K, reserved 1048576K
}
Event: 13.574 GC heap after
{Heap after GC invocations=37 (full 0):
 garbage-first heap   total 223232K, used 74998K [0x0000000080000000, 0x0000000100000000)
  region size 1024K, 12 young (12288K), 12 survivors (12288K)
 Metaspace       used 87556K, committed 88256K, reserved 1179648K
  class space    used 11820K, committed 12160K, reserved 1048576K
}
Event: 14.808 GC heap before
{Heap before GC invocations=37 (full 0):
 garbage-first heap   total 223232K, used 174326K [0x0000000080000000, 0x0000000100000000)
  region size 1024K, 108 young (110592K), 12 survivors (12288K)
 Metaspace       used 94747K, committed 95488K, reserved 1179648K
  class space    used 13020K, committed 13376K, reserved 1048576K
}
Event: 14.816 GC heap after
{Heap after GC invocations=38 (full 0):
 garbage-first heap   total 223232K, used 79914K [0x0000000080000000, 0x0000000100000000)
  region size 1024K, 11 young (11264K), 11 survivors (11264K)
 Metaspace       used 94747K, committed 95488K, reserved 1179648K
  class space    used 13020K, committed 13376K, reserved 1048576K
}
Event: 16.321 GC heap before
{Heap before GC invocations=38 (full 0):
 garbage-first heap   total 223232K, used 177194K [0x0000000080000000, 0x0000000100000000)
  region size 1024K, 106 young (108544K), 11 survivors (11264K)
 Metaspace       used 102641K, committed 103488K, reserved 1179648K
  class space    used 14228K, committed 14656K, reserved 1048576K
}
Event: 16.329 GC heap after
{Heap after GC invocations=39 (full 0):
 garbage-first heap   total 223232K, used 85199K [0x0000000080000000, 0x0000000100000000)
  region size 1024K, 10 young (10240K), 10 survivors (10240K)
 Metaspace       used 102641K, committed 103488K, reserved 1179648K
  class space    used 14228K, committed 14656K, reserved 1048576K
}
Event: 19.024 GC heap before
{Heap before GC invocations=39 (full 0):
 garbage-first heap   total 223232K, used 178383K [0x0000000080000000, 0x0000000100000000)
  region size 1024K, 102 young (104448K), 10 survivors (10240K)
 Metaspace       used 104097K, committed 104960K, reserved 1179648K
  class space    used 14432K, committed 14848K, reserved 1048576K
}
Event: 19.036 GC heap after
{Heap after GC invocations=40 (full 0):
 garbage-first heap   total 223232K, used 93097K [0x0000000080000000, 0x0000000100000000)
  region size 1024K, 13 young (13312K), 13 survivors (13312K)
 Metaspace       used 104097K, committed 104960K, reserved 1179648K
  class space    used 14432K, committed 14848K, reserved 1048576K
}

